Info: Starting: Create HDL design files for synthesis
Info: qsys-generate C:\Users\Rchie\OneDrive\Bureaublad\CSC10\Eindopdracht\RTOS\PD\RTOS.qsys --synthesis=VHDL --output-directory=C:\Users\Rchie\OneDrive\Bureaublad\CSC10\Eindopdracht\RTOS\PD\RTOS\synthesis --family="Cyclone V" --part=5CSEMA5F31C6
Progress: Loading PD/RTOS.qsys
Progress: Reading input file
Progress: Adding clk_0 [clock_source 18.1]
Progress: Parameterizing module clk_0
Progress: Adding jtag_uart_0 [altera_avalon_jtag_uart 18.1]
Progress: Parameterizing module jtag_uart_0
Progress: Adding matrixMultiplier_8bit_component_0 [matrixMultiplier_8bit_component 1.1]
Progress: Parameterizing module matrixMultiplier_8bit_component_0
Progress: Adding nios2_qsys_0 [altera_nios2_qsys 16.1]
Progress: Parameterizing module nios2_qsys_0
Progress: Adding onchip_memory2_0 [altera_avalon_onchip_memory2 18.1]
Progress: Parameterizing module onchip_memory2_0
Progress: Adding performance_counter_0 [altera_avalon_performance_counter 18.1]
Progress: Parameterizing module performance_counter_0
Progress: Building connections
Progress: Parameterizing connections
Progress: Validating
Progress: Done reading input file
Info: RTOS.jtag_uart_0: JTAG UART IP input clock need to be at least double (2x) the operating frequency of JTAG TCK on board
Warning: RTOS.nios2_qsys_0: Nios II Classic cores are no longer recommended for new projects
Info: RTOS: Generating RTOS "RTOS" for QUARTUS_SYNTH
Info: jtag_uart_0: Starting RTL generation for module 'RTOS_jtag_uart_0'
Info: jtag_uart_0:   Generation command is [exec C:/intelfpga_lite/18.1/quartus/bin64/perl/bin/perl.exe -I C:/intelfpga_lite/18.1/quartus/bin64/perl/lib -I C:/intelfpga_lite/18.1/quartus/sopc_builder/bin/europa -I C:/intelfpga_lite/18.1/quartus/sopc_builder/bin/perl_lib -I C:/intelfpga_lite/18.1/quartus/sopc_builder/bin -I C:/intelfpga_lite/18.1/quartus/../ip/altera/sopc_builder_ip/common -I C:/intelfpga_lite/18.1/quartus/../ip/altera/sopc_builder_ip/altera_avalon_jtag_uart -- C:/intelfpga_lite/18.1/quartus/../ip/altera/sopc_builder_ip/altera_avalon_jtag_uart/generate_rtl.pl --name=RTOS_jtag_uart_0 --dir=C:/Users/Rchie/AppData/Local/Temp/alt8996_2389994744298320451.dir/0003_jtag_uart_0_gen/ --quartus_dir=C:/intelfpga_lite/18.1/quartus --verilog --config=C:/Users/Rchie/AppData/Local/Temp/alt8996_2389994744298320451.dir/0003_jtag_uart_0_gen//RTOS_jtag_uart_0_component_configuration.pl  --do_build_sim=0  ]
Info: jtag_uart_0: Done RTL generation for module 'RTOS_jtag_uart_0'
Info: jtag_uart_0: "RTOS" instantiated altera_avalon_jtag_uart "jtag_uart_0"
Info: matrixMultiplier_8bit_component_0: "RTOS" instantiated matrixMultiplier_8bit_component "matrixMultiplier_8bit_component_0"
Info: nios2_qsys_0: Starting RTL generation for module 'RTOS_nios2_qsys_0'
Info: nios2_qsys_0:   Generation command is [exec C:/intelfpga_lite/18.1/quartus/bin64/eperlcmd.exe -I C:/intelfpga_lite/18.1/quartus/bin64/perl/lib -I C:/intelfpga_lite/18.1/quartus/sopc_builder/bin/europa -I C:/intelfpga_lite/18.1/quartus/sopc_builder/bin/perl_lib -I C:/intelfpga_lite/18.1/quartus/sopc_builder/bin -I C:/intelfpga_lite/18.1/quartus/../ip/altera/nios2_ip/altera_nios2/cpu_lib -I C:/intelfpga_lite/18.1/quartus/../ip/altera/nios2_ip/altera_nios2/nios_lib -I C:/intelfpga_lite/18.1/quartus/../ip/altera/nios2_ip/altera_nios2 -I C:/intelfpga_lite/18.1/quartus/../ip/altera/nios2_ip/altera_nios2 -- C:/intelfpga_lite/18.1/quartus/../ip/altera/nios2_ip/altera_nios2/generate_rtl.epl --name=RTOS_nios2_qsys_0 --dir=C:/Users/Rchie/AppData/Local/Temp/alt8996_2389994744298320451.dir/0005_nios2_qsys_0_gen/ --quartus_bindir=C:/intelfpga_lite/18.1/quartus/bin64 --verilog --config=C:/Users/Rchie/AppData/Local/Temp/alt8996_2389994744298320451.dir/0005_nios2_qsys_0_gen//RTOS_nios2_qsys_0_processor_configuration.pl  --do_build_sim=0  ]
Info: nios2_qsys_0: # 2022.01.04 22:36:20 (*) Starting Nios II generation
Info: nios2_qsys_0: # 2022.01.04 22:36:20 (*)   Checking for plaintext license.
Info: nios2_qsys_0: # 2022.01.04 22:36:20 (*)   Couldn't query license setup in Quartus directory C:/intelfpga_lite/18.1/quartus/bin64
Info: nios2_qsys_0: # 2022.01.04 22:36:20 (*)   Defaulting to contents of LM_LICENSE_FILE environment variable
Info: nios2_qsys_0: # 2022.01.04 22:36:20 (*)   LM_LICENSE_FILE environment variable is empty
Info: nios2_qsys_0: # 2022.01.04 22:36:20 (*)   Plaintext license not found.
Info: nios2_qsys_0: # 2022.01.04 22:36:20 (*)   No license required to generate encrypted Nios II/e.
Info: nios2_qsys_0: # 2022.01.04 22:36:20 (*)   Elaborating CPU configuration settings
Info: nios2_qsys_0: # 2022.01.04 22:36:20 (*)   Creating all objects for CPU
Info: nios2_qsys_0: # 2022.01.04 22:36:21 (*)   Generating RTL from CPU objects
Info: nios2_qsys_0: # 2022.01.04 22:36:21 (*)   Creating plain-text RTL
Info: nios2_qsys_0: # 2022.01.04 22:36:22 (*) Done Nios II generation
Info: nios2_qsys_0: Done RTL generation for module 'RTOS_nios2_qsys_0'
Info: nios2_qsys_0: "RTOS" instantiated altera_nios2_qsys "nios2_qsys_0"
Info: onchip_memory2_0: Starting RTL generation for module 'RTOS_onchip_memory2_0'
Info: onchip_memory2_0:   Generation command is [exec C:/intelfpga_lite/18.1/quartus/bin64/perl/bin/perl.exe -I C:/intelfpga_lite/18.1/quartus/bin64/perl/lib -I C:/intelfpga_lite/18.1/quartus/sopc_builder/bin/europa -I C:/intelfpga_lite/18.1/quartus/sopc_builder/bin/perl_lib -I C:/intelfpga_lite/18.1/quartus/sopc_builder/bin -I C:/intelfpga_lite/18.1/quartus/../ip/altera/sopc_builder_ip/common -I C:/intelfpga_lite/18.1/quartus/../ip/altera/sopc_builder_ip/altera_avalon_onchip_memory2 -- C:/intelfpga_lite/18.1/quartus/../ip/altera/sopc_builder_ip/altera_avalon_onchip_memory2/generate_rtl.pl --name=RTOS_onchip_memory2_0 --dir=C:/Users/Rchie/AppData/Local/Temp/alt8996_2389994744298320451.dir/0006_onchip_memory2_0_gen/ --quartus_dir=C:/intelfpga_lite/18.1/quartus --verilog --config=C:/Users/Rchie/AppData/Local/Temp/alt8996_2389994744298320451.dir/0006_onchip_memory2_0_gen//RTOS_onchip_memory2_0_component_configuration.pl  --do_build_sim=0  ]
Info: onchip_memory2_0: Done RTL generation for module 'RTOS_onchip_memory2_0'
Info: onchip_memory2_0: "RTOS" instantiated altera_avalon_onchip_memory2 "onchip_memory2_0"
Info: performance_counter_0: Starting RTL generation for module 'RTOS_performance_counter_0'
Info: performance_counter_0:   Generation command is [exec C:/intelfpga_lite/18.1/quartus/bin64/perl/bin/perl.exe -I C:/intelfpga_lite/18.1/quartus/bin64/perl/lib -I C:/intelfpga_lite/18.1/quartus/sopc_builder/bin/europa -I C:/intelfpga_lite/18.1/quartus/sopc_builder/bin/perl_lib -I C:/intelfpga_lite/18.1/quartus/sopc_builder/bin -I C:/intelfpga_lite/18.1/quartus/../ip/altera/sopc_builder_ip/common -I C:/intelfpga_lite/18.1/quartus/../ip/altera/sopc_builder_ip/altera_avalon_performance_counter -- C:/intelfpga_lite/18.1/quartus/../ip/altera/sopc_builder_ip/altera_avalon_performance_counter/generate_rtl.pl --name=RTOS_performance_counter_0 --dir=C:/Users/Rchie/AppData/Local/Temp/alt8996_2389994744298320451.dir/0007_performance_counter_0_gen/ --quartus_dir=C:/intelfpga_lite/18.1/quartus --verilog --config=C:/Users/Rchie/AppData/Local/Temp/alt8996_2389994744298320451.dir/0007_performance_counter_0_gen//RTOS_performance_counter_0_component_configuration.pl  --do_build_sim=0  ]
Info: performance_counter_0: Done RTL generation for module 'RTOS_performance_counter_0'
Info: performance_counter_0: "RTOS" instantiated altera_avalon_performance_counter "performance_counter_0"
Info: avalon_st_adapter: Inserting error_adapter: error_adapter_0
Info: avalon_st_adapter_001: Inserting error_adapter: error_adapter_0
Info: avalon_st_adapter_002: Inserting error_adapter: error_adapter_0
Info: avalon_st_adapter_003: Inserting error_adapter: error_adapter_0
Info: avalon_st_adapter_004: Inserting error_adapter: error_adapter_0
Info: mm_interconnect_0: "RTOS" instantiated altera_mm_interconnect "mm_interconnect_0"
Info: irq_mapper: "RTOS" instantiated altera_irq_mapper "irq_mapper"
Info: rst_controller: "RTOS" instantiated altera_reset_controller "rst_controller"
Info: nios2_qsys_0_data_master_translator: "mm_interconnect_0" instantiated altera_merlin_master_translator "nios2_qsys_0_data_master_translator"
Info: jtag_uart_0_avalon_jtag_slave_translator: "mm_interconnect_0" instantiated altera_merlin_slave_translator "jtag_uart_0_avalon_jtag_slave_translator"
Info: nios2_qsys_0_data_master_agent: "mm_interconnect_0" instantiated altera_merlin_master_agent "nios2_qsys_0_data_master_agent"
Info: jtag_uart_0_avalon_jtag_slave_agent: "mm_interconnect_0" instantiated altera_merlin_slave_agent "jtag_uart_0_avalon_jtag_slave_agent"
Info: jtag_uart_0_avalon_jtag_slave_agent_rsp_fifo: "mm_interconnect_0" instantiated altera_avalon_sc_fifo "jtag_uart_0_avalon_jtag_slave_agent_rsp_fifo"
Info: router: "mm_interconnect_0" instantiated altera_merlin_router "router"
Info: router_001: "mm_interconnect_0" instantiated altera_merlin_router "router_001"
Info: router_002: "mm_interconnect_0" instantiated altera_merlin_router "router_002"
Info: router_005: "mm_interconnect_0" instantiated altera_merlin_router "router_005"
Info: cmd_demux: "mm_interconnect_0" instantiated altera_merlin_demultiplexer "cmd_demux"
Info: cmd_demux_001: "mm_interconnect_0" instantiated altera_merlin_demultiplexer "cmd_demux_001"
Info: cmd_mux: "mm_interconnect_0" instantiated altera_merlin_multiplexer "cmd_mux"
Info: cmd_mux_003: "mm_interconnect_0" instantiated altera_merlin_multiplexer "cmd_mux_003"
Info: Reusing file C:/Users/Rchie/OneDrive/Bureaublad/CSC10/Eindopdracht/RTOS/PD/RTOS/synthesis/submodules/altera_merlin_arbitrator.sv
Info: rsp_demux: "mm_interconnect_0" instantiated altera_merlin_demultiplexer "rsp_demux"
Info: rsp_mux: "mm_interconnect_0" instantiated altera_merlin_multiplexer "rsp_mux"
Info: Reusing file C:/Users/Rchie/OneDrive/Bureaublad/CSC10/Eindopdracht/RTOS/PD/RTOS/synthesis/submodules/altera_merlin_arbitrator.sv
Info: rsp_mux_001: "mm_interconnect_0" instantiated altera_merlin_multiplexer "rsp_mux_001"
Info: Reusing file C:/Users/Rchie/OneDrive/Bureaublad/CSC10/Eindopdracht/RTOS/PD/RTOS/synthesis/submodules/altera_merlin_arbitrator.sv
Info: avalon_st_adapter: "mm_interconnect_0" instantiated altera_avalon_st_adapter "avalon_st_adapter"
Info: error_adapter_0: "avalon_st_adapter" instantiated error_adapter "error_adapter_0"
Info: RTOS: Done "RTOS" with 27 modules, 44 files
Info: qsys-generate succeeded.
Info: Finished: Create HDL design files for synthesis
